<?xml version="1.0" encoding="UTF-8"?>
<testng-results skipped="0" failed="0" total="9" passed="9">
  <reporter-output>
  </reporter-output>
  <suite name="Walmart" duration-ms="124495" started-at="2018-02-11T18:15:27Z" finished-at="2018-02-11T18:17:32Z">
    <groups>
    </groups>
    <test name="Walmart Test" duration-ms="124495" started-at="2018-02-11T18:15:27Z" finished-at="2018-02-11T18:17:32Z">
      <class name="RegistrationTest">
        <test-method status="PASS" signature="setUp()[pri:0, instance:RegistrationTest@30a7c98f]" name="setUp" is-config="true" duration-ms="15138" started-at="2018-02-11T20:15:28Z" finished-at="2018-02-11T20:15:43Z">
          <reporter-output>
          </reporter-output>
        </test-method> <!-- setUp -->
        <test-method status="PASS" signature="testRegistrationUser()[pri:1, instance:RegistrationTest@30a7c98f]" name="testRegistrationUser" duration-ms="3303" started-at="2018-02-11T20:15:43Z" finished-at="2018-02-11T20:15:46Z">
          <reporter-output>
          </reporter-output>
        </test-method> <!-- testRegistrationUser -->
        <test-method status="PASS" signature="testLoginUser()[pri:2, instance:RegistrationTest@30a7c98f]" name="testLoginUser" duration-ms="5145" started-at="2018-02-11T20:15:46Z" finished-at="2018-02-11T20:15:51Z">
          <reporter-output>
          </reporter-output>
        </test-method> <!-- testLoginUser -->
        <test-method status="PASS" signature="testLogoutUser()[pri:3, instance:RegistrationTest@30a7c98f]" name="testLogoutUser" duration-ms="3556" started-at="2018-02-11T20:15:51Z" finished-at="2018-02-11T20:15:55Z">
          <reporter-output>
          </reporter-output>
        </test-method> <!-- testLogoutUser -->
        <test-method status="PASS" signature="testResetPassword()[pri:4, instance:RegistrationTest@30a7c98f]" name="testResetPassword" duration-ms="2159" started-at="2018-02-11T20:15:55Z" finished-at="2018-02-11T20:15:57Z">
          <reporter-output>
          </reporter-output>
        </test-method> <!-- testResetPassword -->
        <test-method status="PASS" signature="tearDown()[pri:0, instance:RegistrationTest@30a7c98f]" name="tearDown" is-config="true" duration-ms="2020" started-at="2018-02-11T20:15:57Z" finished-at="2018-02-11T20:15:59Z">
          <reporter-output>
          </reporter-output>
        </test-method> <!-- tearDown -->
      </class> <!-- RegistrationTest -->
      <class name="RedirectTest">
        <test-method status="PASS" signature="setUp()[pri:0, instance:RedirectTest@c6da8bb]" name="setUp" is-config="true" duration-ms="10161" started-at="2018-02-11T20:17:06Z" finished-at="2018-02-11T20:17:16Z">
          <reporter-output>
          </reporter-output>
        </test-method> <!-- setUp -->
        <test-method status="PASS" signature="testRedirect()[pri:0, instance:RedirectTest@c6da8bb]" name="testRedirect" duration-ms="13822" started-at="2018-02-11T20:17:16Z" finished-at="2018-02-11T20:17:30Z">
          <reporter-output>
          </reporter-output>
        </test-method> <!-- testRedirect -->
        <test-method status="PASS" signature="tearDown()[pri:0, instance:RedirectTest@c6da8bb]" name="tearDown" is-config="true" duration-ms="2353" started-at="2018-02-11T20:17:30Z" finished-at="2018-02-11T20:17:32Z">
          <reporter-output>
          </reporter-output>
        </test-method> <!-- tearDown -->
      </class> <!-- RedirectTest -->
      <class name="Password_validationTest">
        <test-method status="PASS" signature="setUp()[pri:0, instance:Password_validationTest@a33b4e3]" name="setUp" is-config="true" duration-ms="10411" started-at="2018-02-11T20:16:51Z" finished-at="2018-02-11T20:17:01Z">
          <reporter-output>
          </reporter-output>
        </test-method> <!-- setUp -->
        <test-method status="PASS" signature="testPasswordValidation()[pri:0, instance:Password_validationTest@a33b4e3]" name="testPasswordValidation" duration-ms="3480" started-at="2018-02-11T20:17:01Z" finished-at="2018-02-11T20:17:04Z">
          <reporter-output>
          </reporter-output>
        </test-method> <!-- testPasswordValidation -->
        <test-method status="PASS" signature="tearDown()[pri:0, instance:Password_validationTest@a33b4e3]" name="tearDown" is-config="true" duration-ms="1167" started-at="2018-02-11T20:17:04Z" finished-at="2018-02-11T20:17:06Z">
          <reporter-output>
          </reporter-output>
        </test-method> <!-- tearDown -->
      </class> <!-- Password_validationTest -->
      <class name="Last_name_validationTest">
        <test-method status="PASS" signature="setUp()[pri:0, instance:Last_name_validationTest@41fed14f]" name="setUp" is-config="true" duration-ms="10388" started-at="2018-02-11T20:16:16Z" finished-at="2018-02-11T20:16:27Z">
          <reporter-output>
          </reporter-output>
        </test-method> <!-- setUp -->
        <test-method status="PASS" signature="testLastNameValidation()[pri:0, instance:Last_name_validationTest@41fed14f]" name="testLastNameValidation" duration-ms="5459" started-at="2018-02-11T20:16:27Z" finished-at="2018-02-11T20:16:32Z">
          <reporter-output>
          </reporter-output>
        </test-method> <!-- testLastNameValidation -->
        <test-method status="PASS" signature="tearDown()[pri:0, instance:Last_name_validationTest@41fed14f]" name="tearDown" is-config="true" duration-ms="1081" started-at="2018-02-11T20:16:32Z" finished-at="2018-02-11T20:16:33Z">
          <reporter-output>
          </reporter-output>
        </test-method> <!-- tearDown -->
      </class> <!-- Last_name_validationTest -->
      <class name="Email_validationTest">
        <test-method status="PASS" signature="setUp()[pri:0, instance:Email_validationTest@4d6ee47]" name="setUp" is-config="true" duration-ms="10592" started-at="2018-02-11T20:16:33Z" finished-at="2018-02-11T20:16:44Z">
          <reporter-output>
          </reporter-output>
        </test-method> <!-- setUp -->
        <test-method status="PASS" signature="testEmailValidation()[pri:0, instance:Email_validationTest@4d6ee47]" name="testEmailValidation" duration-ms="5523" started-at="2018-02-11T20:16:44Z" finished-at="2018-02-11T20:16:49Z">
          <reporter-output>
          </reporter-output>
        </test-method> <!-- testEmailValidation -->
        <test-method status="PASS" signature="tearDown()[pri:0, instance:Email_validationTest@4d6ee47]" name="tearDown" is-config="true" duration-ms="1392" started-at="2018-02-11T20:16:49Z" finished-at="2018-02-11T20:16:51Z">
          <reporter-output>
          </reporter-output>
        </test-method> <!-- tearDown -->
      </class> <!-- Email_validationTest -->
      <class name="First_name_validationTest">
        <test-method status="PASS" signature="setUp()[pri:0, instance:First_name_validationTest@36361ddb]" name="setUp" is-config="true" duration-ms="10684" started-at="2018-02-11T20:15:59Z" finished-at="2018-02-11T20:16:10Z">
          <reporter-output>
          </reporter-output>
        </test-method> <!-- setUp -->
        <test-method status="PASS" signature="testFirstNameValidation()[pri:0, instance:First_name_validationTest@36361ddb]" name="testFirstNameValidation" duration-ms="5410" started-at="2018-02-11T20:16:10Z" finished-at="2018-02-11T20:16:15Z">
          <reporter-output>
          </reporter-output>
        </test-method> <!-- testFirstNameValidation -->
        <test-method status="PASS" signature="tearDown()[pri:0, instance:First_name_validationTest@36361ddb]" name="tearDown" is-config="true" duration-ms="1149" started-at="2018-02-11T20:16:15Z" finished-at="2018-02-11T20:16:16Z">
          <reporter-output>
          </reporter-output>
        </test-method> <!-- tearDown -->
      </class> <!-- First_name_validationTest -->
    </test> <!-- Walmart Test -->
  </suite> <!-- Walmart -->
</testng-results>
