<?xml version="1.0" encoding="UTF-8"?>
<!-- Generated by org.testng.reporters.JUnitXMLReporter -->
<testsuite hostname="DESKTOP-CIQLQJH" tests="9" failures="0" timestamp="11 Feb 2018 18:17:32 GMT" time="124.495" errors="0">
  <testcase name="testRegistrationUser" time="3.303" classname="RegistrationTest"/>
  <testcase name="testLoginUser" time="5.145" classname="RegistrationTest"/>
  <testcase name="testLogoutUser" time="3.556" classname="RegistrationTest"/>
  <testcase name="testResetPassword" time="2.159" classname="RegistrationTest"/>
  <testcase name="testFirstNameValidation" time="5.41" classname="First_name_validationTest"/>
  <testcase name="testLastNameValidation" time="5.459" classname="Last_name_validationTest"/>
  <testcase name="testEmailValidation" time="5.523" classname="Email_validationTest"/>
  <testcase name="testPasswordValidation" time="3.48" classname="Password_validationTest"/>
  <testcase name="testRedirect" time="13.822" classname="RedirectTest"/>
</testsuite>
